<?xml version="1.0" encoding="UTF-8"?>
<!-- Generated by org.testng.reporters.JUnitReportReporter -->
<testsuite hostname="DESKTOP-C471MFE" name="jenkins.NewTest" tests="2" failures="0" timestamp="16 Nov 2019 12:37:34 GMT" time="0.020" errors="0">
  <testcase name="launchBrowser" time="0.017" classname="jenkins.NewTest"/>
  <testcase name="launchBrowser1" time="0.003" classname="jenkins.NewTest"/>
</testsuite> <!-- jenkins.NewTest -->
