<?xml version="1.0" encoding="UTF-8"?>
<!-- Generated by org.testng.reporters.JUnitReportReporter -->
<testsuite hostname="DESKTOP-C471MFE" name="jenkins.NewTest" tests="2" failures="0" timestamp="17 Nov 2019 12:07:19 GMT" time="32.596" errors="0">
  <testcase name="launchBrowser" time="32.595" classname="jenkins.NewTest"/>
  <testcase name="launchBrowser1" time="0.001" classname="jenkins.NewTest"/>
</testsuite> <!-- jenkins.NewTest -->
